<?xml version="1.0" encoding="UTF-8"?>
<!-- Generated by org.testng.reporters.JUnitReportReporter -->
<testsuite hostname="DESKTOP-KFCGKBL" failures="0" tests="1" name="DropDown.Static" time="12.643" errors="0" timestamp="2021-11-20T21:46:40 IST" skipped="0">
  <testcase classname="DropDown.Static" name="selectDropDown" time="12.643"/>
  <system-out/>
</testsuite> <!-- DropDown.Static -->
