<?xml version="1.0" encoding="UTF-8"?>
<!-- Generated by org.testng.reporters.JUnitReportReporter -->
<testsuite hostname="DESKTOP-KFCGKBL" failures="0" tests="1" name="Dynamic_Table.Demo" time="6.981" errors="0" timestamp="2021-11-20T22:02:43 IST" skipped="0">
  <testcase classname="Dynamic_Table.Demo" name="DDHandle" time="6.981"/>
  <system-out/>
</testsuite> <!-- Dynamic_Table.Demo -->
