<?xml version="1.0" encoding="UTF-8"?>
<!-- Generated by org.testng.reporters.JUnitReportReporter -->
<testsuite hostname="DESKTOP-KFCGKBL" failures="0" tests="1" name="Pop_Up.Window_Based" time="56.103" errors="0" timestamp="2021-11-17T13:09:25 IST" skipped="0">
  <testcase classname="Pop_Up.Window_Based" name="windowBasePopup" time="56.103"/>
  <system-out/>
</testsuite> <!-- Pop_Up.Window_Based -->
