<?xml version="1.0" encoding="UTF-8"?>
<!-- Generated by org.testng.reporters.JUnitReportReporter -->
<testsuite hostname="DESKTOP-KFCGKBL" failures="0" tests="1" name="DropDown.Dynamic_DropDown" time="17.855" errors="0" timestamp="2021-11-09T12:04:43 IST" skipped="0">
  <testcase classname="DropDown.Dynamic_DropDown" name="HandleDD" time="17.855"/>
  <system-out/>
</testsuite> <!-- DropDown.Dynamic_DropDown -->
