<?xml version="1.0" encoding="UTF-8"?>
<!-- Generated by org.testng.reporters.JUnitReportReporter -->
<testsuite hostname="DESKTOP-KFCGKBL" failures="0" tests="1" name="Open_Browser.First_Test" time="4.327" errors="0" timestamp="2021-10-23T15:23:27 IST" skipped="0">
  <testcase classname="Open_Browser.First_Test" name="Open_Browser" time="4.327"/>
  <system-out/>
</testsuite> <!-- Open_Browser.First_Test -->
