<?xml version="1.0" encoding="UTF-8"?>
<!-- Generated by org.testng.reporters.JUnitReportReporter -->
<testsuite hostname="DESKTOP-KFCGKBL" failures="0" tests="1" name="DropDown.Auto_Suggesion_Dynamic" time="7.395" errors="0" timestamp="2021-11-20T21:45:25 IST" skipped="0">
  <testcase classname="DropDown.Auto_Suggesion_Dynamic" name="HandleDD" time="7.395"/>
  <system-out/>
</testsuite> <!-- DropDown.Auto_Suggesion_Dynamic -->
