<?xml version="1.0" encoding="UTF-8"?>
<!-- Generated by org.testng.reporters.JUnitReportReporter -->
<testsuite hostname="DESKTOP-KFCGKBL" failures="0" tests="1" name="Handle_Calender.Demo" time="12.526" errors="0" timestamp="2021-11-28T22:02:16 IST" skipped="0">
  <testcase classname="Handle_Calender.Demo" name="handleCalender" time="12.526"/>
  <system-out/>
</testsuite> <!-- Handle_Calender.Demo -->
