<?xml version="1.0" encoding="UTF-8"?>
<!-- Generated by org.testng.reporters.JUnitReportReporter -->
<testsuite hostname="DESKTOP-KFCGKBL" failures="0" tests="1" name="Handle_Calender.Demo2" time="20.613" errors="0" timestamp="2021-11-15T12:38:48 IST" skipped="0">
  <testcase classname="Handle_Calender.Demo2" name="handleCalender" time="20.613"/>
  <system-out/>
</testsuite> <!-- Handle_Calender.Demo2 -->
